{"C:\\Users\\CBA\\Desktop\\Learnify\\server\\config\\database.config.js": {"path":"C:\\Users\\CBA\\Desktop\\Learnify\\server\\config\\database.config.js","statementMap":{"0":{"start":{"line":4,"column":0},"end":{"line":4,"column":31}},"1":{"start":{"line":7,"column":18},"end":{"line":21,"column":2}},"2":{"start":{"line":24,"column":2},"end":{"line":31,"column":3}},"3":{"start":{"line":25,"column":4},"end":{"line":25,"column":35}},"4":{"start":{"line":26,"column":4},"end":{"line":26,"column":51}},"5":{"start":{"line":27,"column":4},"end":{"line":27,"column":16}},"6":{"start":{"line":29,"column":4},"end":{"line":29,"column":62}},"7":{"start":{"line":30,"column":4},"end":{"line":30,"column":17}}},"fnMap":{"0":{"name":"testConnection","decl":{"start":{"line":23,"column":22},"end":{"line":23,"column":36}},"loc":{"start":{"line":23,"column":39},"end":{"line":32,"column":1}},"line":23}},"branchMap":{"0":{"loc":{"start":{"line":10,"column":8},"end":{"line":10,"column":43}},"type":"binary-expr","locations":[{"start":{"line":10,"column":8},"end":{"line":10,"column":35}},{"start":{"line":10,"column":39},"end":{"line":10,"column":43}}],"line":10}},"s":{"0":2,"1":2,"2":0,"3":0,"4":0,"5":0,"6":0,"7":0},"f":{"0":0},"b":{"0":[2,0]},"inputSourceMap":null,"_coverageSchema":"1a1c01bbd47fc00a2c39e90264f33305004495a9","hash":"f2f60da4a7a84618e5080f648c7cd20bd126946f"}
,"C:\\Users\\CBA\\Desktop\\Learnify\\server\\src\\controllers\\admin.controller.js": {"path":"C:\\Users\\CBA\\Desktop\\Learnify\\server\\src\\controllers\\admin.controller.js","statementMap":{"0":{"start":{"line":6,"column":4},"end":{"line":38,"column":5}},"1":{"start":{"line":7,"column":21},"end":{"line":7,"column":42}},"2":{"start":{"line":8,"column":6},"end":{"line":14,"column":7}},"3":{"start":{"line":9,"column":8},"end":{"line":13,"column":11}},"4":{"start":{"line":16,"column":25},"end":{"line":23,"column":7}},"5":{"start":{"line":25,"column":21},"end":{"line":25,"column":64}},"6":{"start":{"line":27,"column":6},"end":{"line":31,"column":9}},"7":{"start":{"line":33,"column":6},"end":{"line":33,"column":51}},"8":{"start":{"line":34,"column":6},"end":{"line":37,"column":9}},"9":{"start":{"line":42,"column":4},"end":{"line":81,"column":5}},"10":{"start":{"line":43,"column":21},"end":{"line":43,"column":42}},"11":{"start":{"line":44,"column":6},"end":{"line":50,"column":7}},"12":{"start":{"line":45,"column":8},"end":{"line":49,"column":11}},"13":{"start":{"line":52,"column":23},"end":{"line":52,"column":36}},"14":{"start":{"line":53,"column":25},"end":{"line":60,"column":7}},"15":{"start":{"line":62,"column":21},"end":{"line":62,"column":74}},"16":{"start":{"line":64,"column":6},"end":{"line":68,"column":9}},"17":{"start":{"line":70,"column":6},"end":{"line":70,"column":51}},"18":{"start":{"line":71,"column":6},"end":{"line":76,"column":7}},"19":{"start":{"line":72,"column":8},"end":{"line":75,"column":11}},"20":{"start":{"line":77,"column":6},"end":{"line":80,"column":9}},"21":{"start":{"line":85,"column":4},"end":{"line":106,"column":5}},"22":{"start":{"line":86,"column":23},"end":{"line":86,"column":36}},"23":{"start":{"line":87,"column":21},"end":{"line":87,"column":62}},"24":{"start":{"line":89,"column":6},"end":{"line":93,"column":9}},"25":{"start":{"line":95,"column":6},"end":{"line":95,"column":51}},"26":{"start":{"line":96,"column":6},"end":{"line":101,"column":7}},"27":{"start":{"line":97,"column":8},"end":{"line":100,"column":11}},"28":{"start":{"line":102,"column":6},"end":{"line":105,"column":9}},"29":{"start":{"line":112,"column":4},"end":{"line":133,"column":5}},"30":{"start":{"line":113,"column":23},"end":{"line":113,"column":42}},"31":{"start":{"line":114,"column":29},"end":{"line":114,"column":80}},"32":{"start":{"line":116,"column":6},"end":{"line":120,"column":9}},"33":{"start":{"line":122,"column":6},"end":{"line":122,"column":53}},"34":{"start":{"line":123,"column":6},"end":{"line":128,"column":7}},"35":{"start":{"line":124,"column":8},"end":{"line":127,"column":11}},"36":{"start":{"line":129,"column":6},"end":{"line":132,"column":9}},"37":{"start":{"line":137,"column":4},"end":{"line":161,"column":5}},"38":{"start":{"line":138,"column":23},"end":{"line":138,"column":42}},"39":{"start":{"line":139,"column":30},"end":{"line":139,"column":83}},"40":{"start":{"line":141,"column":6},"end":{"line":148,"column":9}},"41":{"start":{"line":150,"column":6},"end":{"line":150,"column":58}},"42":{"start":{"line":151,"column":6},"end":{"line":156,"column":7}},"43":{"start":{"line":152,"column":8},"end":{"line":155,"column":11}},"44":{"start":{"line":157,"column":6},"end":{"line":160,"column":9}},"45":{"start":{"line":165,"column":4},"end":{"line":179,"column":5}},"46":{"start":{"line":166,"column":20},"end":{"line":166,"column":55}},"47":{"start":{"line":168,"column":6},"end":{"line":172,"column":9}},"48":{"start":{"line":174,"column":6},"end":{"line":174,"column":54}},"49":{"start":{"line":175,"column":6},"end":{"line":178,"column":9}},"50":{"start":{"line":182,"column":4},"end":{"line":212,"column":5}},"51":{"start":{"line":183,"column":27},"end":{"line":183,"column":37}},"52":{"start":{"line":185,"column":6},"end":{"line":190,"column":7}},"53":{"start":{"line":186,"column":8},"end":{"line":189,"column":11}},"54":{"start":{"line":192,"column":28},"end":{"line":192,"column":79}},"55":{"start":{"line":194,"column":6},"end":{"line":199,"column":9}},"56":{"start":{"line":201,"column":6},"end":{"line":201,"column":56}},"57":{"start":{"line":202,"column":6},"end":{"line":207,"column":7}},"58":{"start":{"line":203,"column":8},"end":{"line":206,"column":11}},"59":{"start":{"line":208,"column":6},"end":{"line":211,"column":9}}},"fnMap":{"0":{"name":"(anonymous_0)","decl":{"start":{"line":5,"column":2},"end":{"line":5,"column":3}},"loc":{"start":{"line":5,"column":31},"end":{"line":39,"column":3}},"line":5},"1":{"name":"(anonymous_1)","decl":{"start":{"line":41,"column":2},"end":{"line":41,"column":3}},"loc":{"start":{"line":41,"column":31},"end":{"line":82,"column":3}},"line":41},"2":{"name":"(anonymous_2)","decl":{"start":{"line":84,"column":2},"end":{"line":84,"column":3}},"loc":{"start":{"line":84,"column":31},"end":{"line":107,"column":3}},"line":84},"3":{"name":"(anonymous_3)","decl":{"start":{"line":111,"column":2},"end":{"line":111,"column":3}},"loc":{"start":{"line":111,"column":41},"end":{"line":134,"column":3}},"line":111},"4":{"name":"(anonymous_4)","decl":{"start":{"line":136,"column":2},"end":{"line":136,"column":3}},"loc":{"start":{"line":136,"column":43},"end":{"line":162,"column":3}},"line":136},"5":{"name":"(anonymous_5)","decl":{"start":{"line":164,"column":2},"end":{"line":164,"column":3}},"loc":{"start":{"line":164,"column":33},"end":{"line":180,"column":3}},"line":164},"6":{"name":"(anonymous_6)","decl":{"start":{"line":181,"column":2},"end":{"line":181,"column":3}},"loc":{"start":{"line":181,"column":41},"end":{"line":213,"column":3}},"line":181}},"branchMap":{"0":{"loc":{"start":{"line":8,"column":6},"end":{"line":14,"column":7}},"type":"if","locations":[{"start":{"line":8,"column":6},"end":{"line":14,"column":7}},{"start":{},"end":{}}],"line":8},"1":{"loc":{"start":{"line":21,"column":18},"end":{"line":21,"column":76}},"type":"cond-expr","locations":[{"start":{"line":21,"column":52},"end":{"line":21,"column":69}},{"start":{"line":21,"column":72},"end":{"line":21,"column":76}}],"line":21},"2":{"loc":{"start":{"line":22,"column":23},"end":{"line":22,"column":51}},"type":"binary-expr","locations":[{"start":{"line":22,"column":23},"end":{"line":22,"column":45}},{"start":{"line":22,"column":49},"end":{"line":22,"column":51}}],"line":22},"3":{"loc":{"start":{"line":36,"column":17},"end":{"line":36,"column":59}},"type":"binary-expr","locations":[{"start":{"line":36,"column":17},"end":{"line":36,"column":30}},{"start":{"line":36,"column":34},"end":{"line":36,"column":59}}],"line":36},"4":{"loc":{"start":{"line":44,"column":6},"end":{"line":50,"column":7}},"type":"if","locations":[{"start":{"line":44,"column":6},"end":{"line":50,"column":7}},{"start":{},"end":{}}],"line":44},"5":{"loc":{"start":{"line":58,"column":18},"end":{"line":58,"column":76}},"type":"cond-expr","locations":[{"start":{"line":58,"column":52},"end":{"line":58,"column":69}},{"start":{"line":58,"column":72},"end":{"line":58,"column":76}}],"line":58},"6":{"loc":{"start":{"line":59,"column":23},"end":{"line":59,"column":51}},"type":"binary-expr","locations":[{"start":{"line":59,"column":23},"end":{"line":59,"column":45}},{"start":{"line":59,"column":49},"end":{"line":59,"column":51}}],"line":59},"7":{"loc":{"start":{"line":71,"column":6},"end":{"line":76,"column":7}},"type":"if","locations":[{"start":{"line":71,"column":6},"end":{"line":76,"column":7}},{"start":{},"end":{}}],"line":71},"8":{"loc":{"start":{"line":79,"column":17},"end":{"line":79,"column":59}},"type":"binary-expr","locations":[{"start":{"line":79,"column":17},"end":{"line":79,"column":30}},{"start":{"line":79,"column":34},"end":{"line":79,"column":59}}],"line":79},"9":{"loc":{"start":{"line":92,"column":14},"end":{"line":92,"column":35}},"type":"binary-expr","locations":[{"start":{"line":92,"column":14},"end":{"line":92,"column":27}},{"start":{"line":92,"column":31},"end":{"line":92,"column":35}}],"line":92},"10":{"loc":{"start":{"line":96,"column":6},"end":{"line":101,"column":7}},"type":"if","locations":[{"start":{"line":96,"column":6},"end":{"line":101,"column":7}},{"start":{},"end":{}}],"line":96},"11":{"loc":{"start":{"line":104,"column":17},"end":{"line":104,"column":59}},"type":"binary-expr","locations":[{"start":{"line":104,"column":17},"end":{"line":104,"column":30}},{"start":{"line":104,"column":34},"end":{"line":104,"column":59}}],"line":104},"12":{"loc":{"start":{"line":123,"column":6},"end":{"line":128,"column":7}},"type":"if","locations":[{"start":{"line":123,"column":6},"end":{"line":128,"column":7}},{"start":{},"end":{}}],"line":123},"13":{"loc":{"start":{"line":131,"column":17},"end":{"line":131,"column":66}},"type":"binary-expr","locations":[{"start":{"line":131,"column":17},"end":{"line":131,"column":30}},{"start":{"line":131,"column":34},"end":{"line":131,"column":66}}],"line":131},"14":{"loc":{"start":{"line":151,"column":6},"end":{"line":156,"column":7}},"type":"if","locations":[{"start":{"line":151,"column":6},"end":{"line":156,"column":7}},{"start":{},"end":{}}],"line":151},"15":{"loc":{"start":{"line":159,"column":17},"end":{"line":159,"column":71}},"type":"binary-expr","locations":[{"start":{"line":159,"column":17},"end":{"line":159,"column":30}},{"start":{"line":159,"column":34},"end":{"line":159,"column":71}}],"line":159},"16":{"loc":{"start":{"line":177,"column":17},"end":{"line":177,"column":72}},"type":"binary-expr","locations":[{"start":{"line":177,"column":17},"end":{"line":177,"column":30}},{"start":{"line":177,"column":34},"end":{"line":177,"column":72}}],"line":177},"17":{"loc":{"start":{"line":185,"column":6},"end":{"line":190,"column":7}},"type":"if","locations":[{"start":{"line":185,"column":6},"end":{"line":190,"column":7}},{"start":{},"end":{}}],"line":185},"18":{"loc":{"start":{"line":202,"column":6},"end":{"line":207,"column":7}},"type":"if","locations":[{"start":{"line":202,"column":6},"end":{"line":207,"column":7}},{"start":{},"end":{}}],"line":202},"19":{"loc":{"start":{"line":210,"column":17},"end":{"line":210,"column":69}},"type":"binary-expr","locations":[{"start":{"line":210,"column":17},"end":{"line":210,"column":30}},{"start":{"line":210,"column":34},"end":{"line":210,"column":69}}],"line":210}},"s":{"0":5,"1":5,"2":5,"3":1,"4":4,"5":4,"6":2,"7":2,"8":2,"9":4,"10":4,"11":4,"12":1,"13":3,"14":3,"15":3,"16":1,"17":2,"18":2,"19":1,"20":1,"21":4,"22":4,"23":4,"24":2,"25":2,"26":2,"27":1,"28":1,"29":0,"30":0,"31":0,"32":0,"33":0,"34":0,"35":0,"36":0,"37":0,"38":0,"39":0,"40":0,"41":0,"42":0,"43":0,"44":0,"45":0,"46":0,"47":0,"48":0,"49":0,"50":0,"51":0,"52":0,"53":0,"54":0,"55":0,"56":0,"57":0,"58":0,"59":0},"f":{"0":5,"1":4,"2":4,"3":0,"4":0,"5":0,"6":0},"b":{"0":[1,4],"1":[1,3],"2":[4,2],"3":[2,1],"4":[1,3],"5":[3,0],"6":[3,3],"7":[1,1],"8":[1,0],"9":[2,1],"10":[1,1],"11":[1,0],"12":[0,0],"13":[0,0],"14":[0,0],"15":[0,0],"16":[0,0],"17":[0,0],"18":[0,0],"19":[0,0]},"inputSourceMap":null,"_coverageSchema":"1a1c01bbd47fc00a2c39e90264f33305004495a9","hash":"4761f8df82f672a3569496bce477f461c5db8a9a"}
,"C:\\Users\\CBA\\Desktop\\Learnify\\server\\src\\controllers\\student.controller.js": {"path":"C:\\Users\\CBA\\Desktop\\Learnify\\server\\src\\controllers\\student.controller.js","statementMap":{"0":{"start":{"line":5,"column":26},"end":{"line":5,"column":28}},"1":{"start":{"line":7,"column":29},"end":{"line":15,"column":1}},"2":{"start":{"line":8,"column":2},"end":{"line":14,"column":3}},"3":{"start":{"line":9,"column":20},"end":{"line":9,"column":61}},"4":{"start":{"line":10,"column":4},"end":{"line":10,"column":34}},"5":{"start":{"line":12,"column":4},"end":{"line":12,"column":50}},"6":{"start":{"line":13,"column":4},"end":{"line":13,"column":65}},"7":{"start":{"line":17,"column":29},"end":{"line":32,"column":1}},"8":{"start":{"line":18,"column":18},"end":{"line":18,"column":28}},"9":{"start":{"line":20,"column":2},"end":{"line":31,"column":3}},"10":{"start":{"line":21,"column":19},"end":{"line":21,"column":56}},"11":{"start":{"line":23,"column":4},"end":{"line":25,"column":5}},"12":{"start":{"line":24,"column":6},"end":{"line":24,"column":67}},"13":{"start":{"line":27,"column":4},"end":{"line":27,"column":33}},"14":{"start":{"line":29,"column":4},"end":{"line":29,"column":49}},"15":{"start":{"line":30,"column":4},"end":{"line":30,"column":64}}},"fnMap":{"0":{"name":"(anonymous_0)","decl":{"start":{"line":7,"column":29},"end":{"line":7,"column":30}},"loc":{"start":{"line":7,"column":49},"end":{"line":15,"column":1}},"line":7},"1":{"name":"(anonymous_1)","decl":{"start":{"line":17,"column":29},"end":{"line":17,"column":30}},"loc":{"start":{"line":17,"column":49},"end":{"line":32,"column":1}},"line":17}},"branchMap":{"0":{"loc":{"start":{"line":23,"column":4},"end":{"line":25,"column":5}},"type":"if","locations":[{"start":{"line":23,"column":4},"end":{"line":25,"column":5}},{"start":{},"end":{}}],"line":23}},"s":{"0":1,"1":1,"2":3,"3":3,"4":2,"5":1,"6":1,"7":1,"8":5,"9":5,"10":5,"11":3,"12":2,"13":1,"14":2,"15":2},"f":{"0":3,"1":5},"b":{"0":[2,1]},"inputSourceMap":null,"_coverageSchema":"1a1c01bbd47fc00a2c39e90264f33305004495a9","hash":"f6a3fa11e6ed037588f24c4e98e776426b423da5"}
,"C:\\Users\\CBA\\Desktop\\Learnify\\server\\src\\models\\course.model.js": {"path":"C:\\Users\\CBA\\Desktop\\Learnify\\server\\src\\models\\course.model.js","statementMap":{"0":{"start":{"line":2,"column":19},"end":{"line":48,"column":6}},"1":{"start":{"line":50,"column":4},"end":{"line":62,"column":6}},"2":{"start":{"line":51,"column":8},"end":{"line":55,"column":11}},"3":{"start":{"line":57,"column":8},"end":{"line":61,"column":11}},"4":{"start":{"line":64,"column":4},"end":{"line":64,"column":18}}},"fnMap":{"0":{"name":"(anonymous_0)","decl":{"start":{"line":1,"column":15},"end":{"line":1,"column":16}},"loc":{"start":{"line":1,"column":41},"end":{"line":65,"column":1}},"line":1},"1":{"name":"(anonymous_1)","decl":{"start":{"line":50,"column":23},"end":{"line":50,"column":24}},"loc":{"start":{"line":50,"column":35},"end":{"line":62,"column":5}},"line":50}},"branchMap":{},"s":{"0":2,"1":2,"2":2,"3":2,"4":2},"f":{"0":2,"1":2},"b":{},"inputSourceMap":null,"_coverageSchema":"1a1c01bbd47fc00a2c39e90264f33305004495a9","hash":"45e7960053e1dd3d55a9de2097a760aa0f9f7caa"}
,"C:\\Users\\CBA\\Desktop\\Learnify\\server\\src\\models\\courseContent.model.js": {"path":"C:\\Users\\CBA\\Desktop\\Learnify\\server\\src\\models\\courseContent.model.js","statementMap":{"0":{"start":{"line":2,"column":26},"end":{"line":43,"column":6}},"1":{"start":{"line":45,"column":4},"end":{"line":51,"column":6}},"2":{"start":{"line":46,"column":8},"end":{"line":50,"column":11}},"3":{"start":{"line":53,"column":4},"end":{"line":53,"column":25}}},"fnMap":{"0":{"name":"(anonymous_0)","decl":{"start":{"line":1,"column":15},"end":{"line":1,"column":16}},"loc":{"start":{"line":1,"column":41},"end":{"line":54,"column":1}},"line":1},"1":{"name":"(anonymous_1)","decl":{"start":{"line":45,"column":30},"end":{"line":45,"column":31}},"loc":{"start":{"line":45,"column":42},"end":{"line":51,"column":5}},"line":45}},"branchMap":{},"s":{"0":2,"1":2,"2":2,"3":2},"f":{"0":2,"1":2},"b":{},"inputSourceMap":null,"_coverageSchema":"1a1c01bbd47fc00a2c39e90264f33305004495a9","hash":"0e896ccd40aff2f1be079f003597efcd884eacfe"}
,"C:\\Users\\CBA\\Desktop\\Learnify\\server\\src\\models\\enrollment.model.js": {"path":"C:\\Users\\CBA\\Desktop\\Learnify\\server\\src\\models\\enrollment.model.js","statementMap":{"0":{"start":{"line":2,"column":23},"end":{"line":59,"column":6}},"1":{"start":{"line":61,"column":4},"end":{"line":73,"column":6}},"2":{"start":{"line":62,"column":8},"end":{"line":66,"column":11}},"3":{"start":{"line":68,"column":8},"end":{"line":72,"column":11}},"4":{"start":{"line":75,"column":4},"end":{"line":75,"column":22}}},"fnMap":{"0":{"name":"(anonymous_0)","decl":{"start":{"line":1,"column":15},"end":{"line":1,"column":16}},"loc":{"start":{"line":1,"column":41},"end":{"line":76,"column":1}},"line":1},"1":{"name":"(anonymous_1)","decl":{"start":{"line":61,"column":27},"end":{"line":61,"column":28}},"loc":{"start":{"line":61,"column":39},"end":{"line":73,"column":5}},"line":61}},"branchMap":{},"s":{"0":2,"1":2,"2":2,"3":2,"4":2},"f":{"0":2,"1":2},"b":{},"inputSourceMap":null,"_coverageSchema":"1a1c01bbd47fc00a2c39e90264f33305004495a9","hash":"178d0f9e09738c59d00f0e939064d9733f4892bd"}
,"C:\\Users\\CBA\\Desktop\\Learnify\\server\\src\\models\\index.js": {"path":"C:\\Users\\CBA\\Desktop\\Learnify\\server\\src\\models\\index.js","statementMap":{"0":{"start":{"line":7,"column":19},"end":{"line":7,"column":49}},"1":{"start":{"line":8,"column":18},"end":{"line":8,"column":42}},"2":{"start":{"line":10,"column":11},"end":{"line":10,"column":13}},"3":{"start":{"line":13,"column":19},"end":{"line":22,"column":4}},"4":{"start":{"line":16,"column":4},"end":{"line":21,"column":6}},"5":{"start":{"line":25,"column":0},"end":{"line":31,"column":1}},"6":{"start":{"line":26,"column":22},"end":{"line":26,"column":48}},"7":{"start":{"line":27,"column":20},"end":{"line":27,"column":61}},"8":{"start":{"line":28,"column":31},"end":{"line":28,"column":52}},"9":{"start":{"line":29,"column":26},"end":{"line":29,"column":73}},"10":{"start":{"line":30,"column":4},"end":{"line":30,"column":43}},"11":{"start":{"line":34,"column":0},"end":{"line":38,"column":3}},"12":{"start":{"line":35,"column":2},"end":{"line":37,"column":3}},"13":{"start":{"line":36,"column":4},"end":{"line":36,"column":32}},"14":{"start":{"line":40,"column":0},"end":{"line":40,"column":25}},"15":{"start":{"line":41,"column":0},"end":{"line":41,"column":25}},"16":{"start":{"line":44,"column":21},"end":{"line":57,"column":1}},"17":{"start":{"line":45,"column":2},"end":{"line":56,"column":3}},"18":{"start":{"line":46,"column":4},"end":{"line":46,"column":35}},"19":{"start":{"line":49,"column":4},"end":{"line":49,"column":51}},"20":{"start":{"line":52,"column":4},"end":{"line":52,"column":16}},"21":{"start":{"line":54,"column":4},"end":{"line":54,"column":65}},"22":{"start":{"line":55,"column":4},"end":{"line":55,"column":17}}},"fnMap":{"0":{"name":"(anonymous_0)","decl":{"start":{"line":15,"column":10},"end":{"line":15,"column":11}},"loc":{"start":{"line":15,"column":18},"end":{"line":22,"column":3}},"line":15},"1":{"name":"(anonymous_1)","decl":{"start":{"line":34,"column":24},"end":{"line":34,"column":25}},"loc":{"start":{"line":34,"column":37},"end":{"line":38,"column":1}},"line":34},"2":{"name":"(anonymous_2)","decl":{"start":{"line":44,"column":21},"end":{"line":44,"column":22}},"loc":{"start":{"line":44,"column":46},"end":{"line":57,"column":1}},"line":44}},"branchMap":{"0":{"loc":{"start":{"line":17,"column":6},"end":{"line":20,"column":37}},"type":"binary-expr","locations":[{"start":{"line":17,"column":6},"end":{"line":17,"column":29}},{"start":{"line":18,"column":6},"end":{"line":18,"column":25}},{"start":{"line":19,"column":6},"end":{"line":19,"column":30}},{"start":{"line":20,"column":6},"end":{"line":20,"column":37}}],"line":17},"1":{"loc":{"start":{"line":35,"column":2},"end":{"line":37,"column":3}},"type":"if","locations":[{"start":{"line":35,"column":2},"end":{"line":37,"column":3}},{"start":{},"end":{}}],"line":35},"2":{"loc":{"start":{"line":44,"column":28},"end":{"line":44,"column":41}},"type":"default-arg","locations":[{"start":{"line":44,"column":36},"end":{"line":44,"column":41}}],"line":44}},"s":{"0":2,"1":2,"2":2,"3":2,"4":12,"5":2,"6":10,"7":10,"8":10,"9":10,"10":10,"11":2,"12":10,"13":10,"14":2,"15":2,"16":2,"17":0,"18":0,"19":0,"20":0,"21":0,"22":0},"f":{"0":12,"1":10,"2":0},"b":{"0":[12,12,10,10],"1":[10,0],"2":[0]},"inputSourceMap":null,"_coverageSchema":"1a1c01bbd47fc00a2c39e90264f33305004495a9","hash":"827b0f1e5219eace1395a3a2626f2c1b0883b80c"}
,"C:\\Users\\CBA\\Desktop\\Learnify\\server\\src\\models\\role.model.js": {"path":"C:\\Users\\CBA\\Desktop\\Learnify\\server\\src\\models\\role.model.js","statementMap":{"0":{"start":{"line":2,"column":17},"end":{"line":24,"column":6}},"1":{"start":{"line":26,"column":4},"end":{"line":32,"column":6}},"2":{"start":{"line":27,"column":8},"end":{"line":31,"column":11}},"3":{"start":{"line":34,"column":4},"end":{"line":34,"column":16}}},"fnMap":{"0":{"name":"(anonymous_0)","decl":{"start":{"line":1,"column":15},"end":{"line":1,"column":16}},"loc":{"start":{"line":1,"column":41},"end":{"line":35,"column":1}},"line":1},"1":{"name":"(anonymous_1)","decl":{"start":{"line":26,"column":21},"end":{"line":26,"column":22}},"loc":{"start":{"line":26,"column":33},"end":{"line":32,"column":5}},"line":26}},"branchMap":{},"s":{"0":2,"1":2,"2":2,"3":2},"f":{"0":2,"1":2},"b":{},"inputSourceMap":null,"_coverageSchema":"1a1c01bbd47fc00a2c39e90264f33305004495a9","hash":"f9d14dd4336e478059e074e54af69b5081fc9a0e"}
,"C:\\Users\\CBA\\Desktop\\Learnify\\server\\src\\models\\user.model.js": {"path":"C:\\Users\\CBA\\Desktop\\Learnify\\server\\src\\models\\user.model.js","statementMap":{"0":{"start":{"line":2,"column":17},"end":{"line":51,"column":6}},"1":{"start":{"line":53,"column":4},"end":{"line":65,"column":6}},"2":{"start":{"line":54,"column":8},"end":{"line":58,"column":11}},"3":{"start":{"line":60,"column":8},"end":{"line":64,"column":11}},"4":{"start":{"line":67,"column":4},"end":{"line":67,"column":16}}},"fnMap":{"0":{"name":"(anonymous_0)","decl":{"start":{"line":1,"column":15},"end":{"line":1,"column":16}},"loc":{"start":{"line":1,"column":41},"end":{"line":68,"column":1}},"line":1},"1":{"name":"(anonymous_1)","decl":{"start":{"line":53,"column":21},"end":{"line":53,"column":22}},"loc":{"start":{"line":53,"column":33},"end":{"line":65,"column":5}},"line":53}},"branchMap":{},"s":{"0":2,"1":2,"2":2,"3":2,"4":2},"f":{"0":2,"1":2},"b":{},"inputSourceMap":null,"_coverageSchema":"1a1c01bbd47fc00a2c39e90264f33305004495a9","hash":"c573e205e6be8c3570d33160a66b29fb25665545"}
,"C:\\Users\\CBA\\Desktop\\Learnify\\server\\src\\services\\admin.service.js": {"path":"C:\\Users\\CBA\\Desktop\\Learnify\\server\\src\\services\\admin.service.js","statementMap":{"0":{"start":{"line":4,"column":63},"end":{"line":4,"column":65}},"1":{"start":{"line":9,"column":24},"end":{"line":9,"column":53}},"2":{"start":{"line":11,"column":4},"end":{"line":50,"column":5}},"3":{"start":{"line":13,"column":21},"end":{"line":22,"column":25}},"4":{"start":{"line":25,"column":6},"end":{"line":34,"column":7}},"5":{"start":{"line":26,"column":34},"end":{"line":31,"column":11}},"6":{"start":{"line":26,"column":75},"end":{"line":31,"column":9}},"7":{"start":{"line":33,"column":8},"end":{"line":33,"column":75}},"8":{"start":{"line":36,"column":6},"end":{"line":36,"column":33}},"9":{"start":{"line":39,"column":32},"end":{"line":44,"column":8}},"10":{"start":{"line":46,"column":6},"end":{"line":46,"column":31}},"11":{"start":{"line":48,"column":6},"end":{"line":48,"column":35}},"12":{"start":{"line":49,"column":6},"end":{"line":49,"column":67}},"13":{"start":{"line":55,"column":24},"end":{"line":55,"column":53}},"14":{"start":{"line":57,"column":4},"end":{"line":102,"column":5}},"15":{"start":{"line":58,"column":21},"end":{"line":58,"column":52}},"16":{"start":{"line":59,"column":6},"end":{"line":61,"column":7}},"17":{"start":{"line":60,"column":8},"end":{"line":60,"column":44}},"18":{"start":{"line":64,"column":49},"end":{"line":64,"column":59}},"19":{"start":{"line":65,"column":6},"end":{"line":65,"column":57}},"20":{"start":{"line":68,"column":6},"end":{"line":86,"column":7}},"21":{"start":{"line":70,"column":8},"end":{"line":73,"column":11}},"22":{"start":{"line":76,"column":8},"end":{"line":85,"column":9}},"23":{"start":{"line":77,"column":36},"end":{"line":82,"column":13}},"24":{"start":{"line":77,"column":66},"end":{"line":82,"column":11}},"25":{"start":{"line":84,"column":10},"end":{"line":84,"column":77}},"26":{"start":{"line":88,"column":6},"end":{"line":88,"column":33}},"27":{"start":{"line":91,"column":28},"end":{"line":96,"column":8}},"28":{"start":{"line":98,"column":6},"end":{"line":98,"column":27}},"29":{"start":{"line":100,"column":6},"end":{"line":100,"column":35}},"30":{"start":{"line":101,"column":6},"end":{"line":101,"column":67}},"31":{"start":{"line":107,"column":4},"end":{"line":129,"column":5}},"32":{"start":{"line":108,"column":21},"end":{"line":108,"column":52}},"33":{"start":{"line":109,"column":6},"end":{"line":111,"column":7}},"34":{"start":{"line":110,"column":8},"end":{"line":110,"column":44}},"35":{"start":{"line":114,"column":30},"end":{"line":116,"column":8}},"36":{"start":{"line":118,"column":6},"end":{"line":126,"column":7}},"37":{"start":{"line":120,"column":8},"end":{"line":120,"column":50}},"38":{"start":{"line":121,"column":8},"end":{"line":121,"column":85}},"39":{"start":{"line":124,"column":8},"end":{"line":124,"column":31}},"40":{"start":{"line":125,"column":8},"end":{"line":125,"column":58}},"41":{"start":{"line":128,"column":6},"end":{"line":128,"column":67}},"42":{"start":{"line":136,"column":4},"end":{"line":187,"column":5}},"43":{"start":{"line":137,"column":21},"end":{"line":137,"column":52}},"44":{"start":{"line":138,"column":6},"end":{"line":140,"column":7}},"45":{"start":{"line":139,"column":8},"end":{"line":139,"column":44}},"46":{"start":{"line":142,"column":26},"end":{"line":161,"column":8}},"47":{"start":{"line":163,"column":6},"end":{"line":184,"column":8}},"48":{"start":{"line":169,"column":52},"end":{"line":182,"column":9}},"49":{"start":{"line":186,"column":6},"end":{"line":186,"column":71}},"50":{"start":{"line":192,"column":4},"end":{"line":205,"column":5}},"51":{"start":{"line":193,"column":21},"end":{"line":193,"column":52}},"52":{"start":{"line":194,"column":6},"end":{"line":196,"column":7}},"53":{"start":{"line":195,"column":8},"end":{"line":195,"column":44}},"54":{"start":{"line":198,"column":30},"end":{"line":200,"column":8}},"55":{"start":{"line":202,"column":6},"end":{"line":202,"column":29}},"56":{"start":{"line":204,"column":6},"end":{"line":204,"column":76}},"57":{"start":{"line":210,"column":4},"end":{"line":231,"column":5}},"58":{"start":{"line":211,"column":27},"end":{"line":211,"column":47}},"59":{"start":{"line":212,"column":28},"end":{"line":212,"column":78}},"60":{"start":{"line":213,"column":31},"end":{"line":213,"column":55}},"61":{"start":{"line":214,"column":28},"end":{"line":221,"column":8}},"62":{"start":{"line":223,"column":6},"end":{"line":228,"column":8}},"63":{"start":{"line":230,"column":6},"end":{"line":230,"column":77}},"64":{"start":{"line":235,"column":4},"end":{"line":235,"column":67}},"65":{"start":{"line":237,"column":24},"end":{"line":254,"column":6}},"66":{"start":{"line":256,"column":4},"end":{"line":256,"column":61}},"67":{"start":{"line":258,"column":4},"end":{"line":263,"column":8}},"68":{"start":{"line":258,"column":42},"end":{"line":263,"column":5}}},"fnMap":{"0":{"name":"(anonymous_0)","decl":{"start":{"line":8,"column":2},"end":{"line":8,"column":3}},"loc":{"start":{"line":8,"column":33},"end":{"line":51,"column":3}},"line":8},"1":{"name":"(anonymous_1)","decl":{"start":{"line":26,"column":63},"end":{"line":26,"column":64}},"loc":{"start":{"line":26,"column":75},"end":{"line":31,"column":9}},"line":26},"2":{"name":"(anonymous_2)","decl":{"start":{"line":54,"column":2},"end":{"line":54,"column":3}},"loc":{"start":{"line":54,"column":43},"end":{"line":103,"column":3}},"line":54},"3":{"name":"(anonymous_3)","decl":{"start":{"line":77,"column":54},"end":{"line":77,"column":55}},"loc":{"start":{"line":77,"column":66},"end":{"line":82,"column":11}},"line":77},"4":{"name":"(anonymous_4)","decl":{"start":{"line":106,"column":2},"end":{"line":106,"column":3}},"loc":{"start":{"line":106,"column":31},"end":{"line":130,"column":3}},"line":106},"5":{"name":"(anonymous_5)","decl":{"start":{"line":135,"column":2},"end":{"line":135,"column":3}},"loc":{"start":{"line":135,"column":41},"end":{"line":188,"column":3}},"line":135},"6":{"name":"(anonymous_6)","decl":{"start":{"line":169,"column":37},"end":{"line":169,"column":38}},"loc":{"start":{"line":169,"column":52},"end":{"line":182,"column":9}},"line":169},"7":{"name":"(anonymous_7)","decl":{"start":{"line":191,"column":2},"end":{"line":191,"column":3}},"loc":{"start":{"line":191,"column":43},"end":{"line":206,"column":3}},"line":191},"8":{"name":"(anonymous_8)","decl":{"start":{"line":209,"column":2},"end":{"line":209,"column":3}},"loc":{"start":{"line":209,"column":25},"end":{"line":232,"column":3}},"line":209},"9":{"name":"(anonymous_9)","decl":{"start":{"line":234,"column":2},"end":{"line":234,"column":3}},"loc":{"start":{"line":234,"column":41},"end":{"line":264,"column":3}},"line":234},"10":{"name":"(anonymous_10)","decl":{"start":{"line":258,"column":27},"end":{"line":258,"column":28}},"loc":{"start":{"line":258,"column":42},"end":{"line":263,"column":5}},"line":258}},"branchMap":{"0":{"loc":{"start":{"line":21,"column":18},"end":{"line":21,"column":80}},"type":"cond-expr","locations":[{"start":{"line":21,"column":54},"end":{"line":21,"column":73}},{"start":{"line":21,"column":76},"end":{"line":21,"column":80}}],"line":21},"1":{"loc":{"start":{"line":25,"column":6},"end":{"line":34,"column":7}},"type":"if","locations":[{"start":{"line":25,"column":6},"end":{"line":34,"column":7}},{"start":{},"end":{}}],"line":25},"2":{"loc":{"start":{"line":25,"column":10},"end":{"line":25,"column":73}},"type":"binary-expr","locations":[{"start":{"line":25,"column":10},"end":{"line":25,"column":34}},{"start":{"line":25,"column":38},"end":{"line":25,"column":73}}],"line":25},"3":{"loc":{"start":{"line":30,"column":20},"end":{"line":30,"column":44}},"type":"binary-expr","locations":[{"start":{"line":30,"column":20},"end":{"line":30,"column":36}},{"start":{"line":30,"column":40},"end":{"line":30,"column":44}}],"line":30},"4":{"loc":{"start":{"line":59,"column":6},"end":{"line":61,"column":7}},"type":"if","locations":[{"start":{"line":59,"column":6},"end":{"line":61,"column":7}},{"start":{},"end":{}}],"line":59},"5":{"loc":{"start":{"line":68,"column":6},"end":{"line":86,"column":7}},"type":"if","locations":[{"start":{"line":68,"column":6},"end":{"line":86,"column":7}},{"start":{},"end":{}}],"line":68},"6":{"loc":{"start":{"line":76,"column":8},"end":{"line":85,"column":9}},"type":"if","locations":[{"start":{"line":76,"column":8},"end":{"line":85,"column":9}},{"start":{},"end":{}}],"line":76},"7":{"loc":{"start":{"line":76,"column":12},"end":{"line":76,"column":53}},"type":"binary-expr","locations":[{"start":{"line":76,"column":12},"end":{"line":76,"column":25}},{"start":{"line":76,"column":29},"end":{"line":76,"column":53}}],"line":76},"8":{"loc":{"start":{"line":81,"column":22},"end":{"line":81,"column":46}},"type":"binary-expr","locations":[{"start":{"line":81,"column":22},"end":{"line":81,"column":38}},{"start":{"line":81,"column":42},"end":{"line":81,"column":46}}],"line":81},"9":{"loc":{"start":{"line":109,"column":6},"end":{"line":111,"column":7}},"type":"if","locations":[{"start":{"line":109,"column":6},"end":{"line":111,"column":7}},{"start":{},"end":{}}],"line":109},"10":{"loc":{"start":{"line":118,"column":6},"end":{"line":126,"column":7}},"type":"if","locations":[{"start":{"line":118,"column":6},"end":{"line":126,"column":7}},{"start":{"line":122,"column":13},"end":{"line":126,"column":7}}],"line":118},"11":{"loc":{"start":{"line":138,"column":6},"end":{"line":140,"column":7}},"type":"if","locations":[{"start":{"line":138,"column":6},"end":{"line":140,"column":7}},{"start":{},"end":{}}],"line":138},"12":{"loc":{"start":{"line":194,"column":6},"end":{"line":196,"column":7}},"type":"if","locations":[{"start":{"line":194,"column":6},"end":{"line":196,"column":7}},{"start":{},"end":{}}],"line":194}},"s":{"0":1,"1":0,"2":0,"3":0,"4":0,"5":0,"6":0,"7":0,"8":0,"9":0,"10":0,"11":0,"12":0,"13":0,"14":0,"15":0,"16":0,"17":0,"18":0,"19":0,"20":0,"21":0,"22":0,"23":0,"24":0,"25":0,"26":0,"27":0,"28":0,"29":0,"30":0,"31":0,"32":0,"33":0,"34":0,"35":0,"36":0,"37":0,"38":0,"39":0,"40":0,"41":0,"42":0,"43":0,"44":0,"45":0,"46":0,"47":0,"48":0,"49":0,"50":0,"51":0,"52":0,"53":0,"54":0,"55":0,"56":0,"57":0,"58":0,"59":0,"60":0,"61":0,"62":0,"63":0,"64":0,"65":0,"66":0,"67":0,"68":0},"f":{"0":0,"1":0,"2":0,"3":0,"4":0,"5":0,"6":0,"7":0,"8":0,"9":0,"10":0},"b":{"0":[0,0],"1":[0,0],"2":[0,0],"3":[0,0],"4":[0,0],"5":[0,0],"6":[0,0],"7":[0,0],"8":[0,0],"9":[0,0],"10":[0,0],"11":[0,0],"12":[0,0]},"inputSourceMap":null,"_coverageSchema":"1a1c01bbd47fc00a2c39e90264f33305004495a9","hash":"613ad370aa5f24fc7c6ad86ee963991deae15224"}
,"C:\\Users\\CBA\\Desktop\\Learnify\\server\\src\\services\\course.service.js": {"path":"C:\\Users\\CBA\\Desktop\\Learnify\\server\\src\\services\\course.service.js","statementMap":{"0":{"start":{"line":3,"column":58},"end":{"line":3,"column":60}},"1":{"start":{"line":7,"column":35},"end":{"line":7,"column":45}},"2":{"start":{"line":10,"column":4},"end":{"line":12,"column":5}},"3":{"start":{"line":11,"column":6},"end":{"line":11,"column":60}},"4":{"start":{"line":15,"column":22},"end":{"line":19,"column":6}},"5":{"start":{"line":21,"column":4},"end":{"line":21,"column":21}},"6":{"start":{"line":25,"column":4},"end":{"line":45,"column":7}},"7":{"start":{"line":49,"column":4},"end":{"line":56,"column":7}},"8":{"start":{"line":60,"column":19},"end":{"line":60,"column":53}},"9":{"start":{"line":62,"column":4},"end":{"line":64,"column":5}},"10":{"start":{"line":63,"column":6},"end":{"line":63,"column":42}},"11":{"start":{"line":67,"column":22},"end":{"line":73,"column":6}},"12":{"start":{"line":75,"column":4},"end":{"line":77,"column":5}},"13":{"start":{"line":76,"column":6},"end":{"line":76,"column":45}},"14":{"start":{"line":79,"column":4},"end":{"line":81,"column":5}},"15":{"start":{"line":80,"column":6},"end":{"line":80,"column":61}},"16":{"start":{"line":84,"column":4},"end":{"line":84,"column":36}},"17":{"start":{"line":85,"column":4},"end":{"line":85,"column":46}},"18":{"start":{"line":89,"column":19},"end":{"line":89,"column":53}},"19":{"start":{"line":91,"column":4},"end":{"line":93,"column":5}},"20":{"start":{"line":92,"column":6},"end":{"line":92,"column":42}},"21":{"start":{"line":96,"column":22},"end":{"line":102,"column":6}},"22":{"start":{"line":104,"column":4},"end":{"line":106,"column":5}},"23":{"start":{"line":105,"column":6},"end":{"line":105,"column":61}},"24":{"start":{"line":109,"column":4},"end":{"line":109,"column":45}},"25":{"start":{"line":110,"column":4},"end":{"line":110,"column":16}},"26":{"start":{"line":116,"column":19},"end":{"line":116,"column":39}},"27":{"start":{"line":118,"column":4},"end":{"line":127,"column":7}}},"fnMap":{"0":{"name":"(anonymous_0)","decl":{"start":{"line":6,"column":2},"end":{"line":6,"column":3}},"loc":{"start":{"line":6,"column":33},"end":{"line":22,"column":3}},"line":6},"1":{"name":"(anonymous_1)","decl":{"start":{"line":24,"column":2},"end":{"line":24,"column":3}},"loc":{"start":{"line":24,"column":30},"end":{"line":46,"column":3}},"line":24},"2":{"name":"(anonymous_2)","decl":{"start":{"line":48,"column":2},"end":{"line":48,"column":3}},"loc":{"start":{"line":48,"column":32},"end":{"line":57,"column":3}},"line":48},"3":{"name":"(anonymous_3)","decl":{"start":{"line":59,"column":2},"end":{"line":59,"column":3}},"loc":{"start":{"line":59,"column":56},"end":{"line":86,"column":3}},"line":59},"4":{"name":"(anonymous_4)","decl":{"start":{"line":88,"column":2},"end":{"line":88,"column":3}},"loc":{"start":{"line":88,"column":44},"end":{"line":111,"column":3}},"line":88},"5":{"name":"(anonymous_5)","decl":{"start":{"line":115,"column":2},"end":{"line":115,"column":3}},"loc":{"start":{"line":115,"column":34},"end":{"line":128,"column":3}},"line":115}},"branchMap":{"0":{"loc":{"start":{"line":10,"column":4},"end":{"line":12,"column":5}},"type":"if","locations":[{"start":{"line":10,"column":4},"end":{"line":12,"column":5}},{"start":{},"end":{}}],"line":10},"1":{"loc":{"start":{"line":10,"column":8},"end":{"line":10,"column":30}},"type":"binary-expr","locations":[{"start":{"line":10,"column":8},"end":{"line":10,"column":14}},{"start":{"line":10,"column":18},"end":{"line":10,"column":30}}],"line":10},"2":{"loc":{"start":{"line":62,"column":4},"end":{"line":64,"column":5}},"type":"if","locations":[{"start":{"line":62,"column":4},"end":{"line":64,"column":5}},{"start":{},"end":{}}],"line":62},"3":{"loc":{"start":{"line":75,"column":4},"end":{"line":77,"column":5}},"type":"if","locations":[{"start":{"line":75,"column":4},"end":{"line":77,"column":5}},{"start":{},"end":{}}],"line":75},"4":{"loc":{"start":{"line":79,"column":4},"end":{"line":81,"column":5}},"type":"if","locations":[{"start":{"line":79,"column":4},"end":{"line":81,"column":5}},{"start":{},"end":{}}],"line":79},"5":{"loc":{"start":{"line":91,"column":4},"end":{"line":93,"column":5}},"type":"if","locations":[{"start":{"line":91,"column":4},"end":{"line":93,"column":5}},{"start":{},"end":{}}],"line":91},"6":{"loc":{"start":{"line":104,"column":4},"end":{"line":106,"column":5}},"type":"if","locations":[{"start":{"line":104,"column":4},"end":{"line":106,"column":5}},{"start":{},"end":{}}],"line":104},"7":{"loc":{"start":{"line":104,"column":8},"end":{"line":104,"column":53}},"type":"binary-expr","locations":[{"start":{"line":104,"column":8},"end":{"line":104,"column":18}},{"start":{"line":104,"column":22},"end":{"line":104,"column":53}}],"line":104}},"s":{"0":1,"1":0,"2":0,"3":0,"4":0,"5":0,"6":0,"7":0,"8":0,"9":0,"10":0,"11":0,"12":0,"13":0,"14":0,"15":0,"16":0,"17":0,"18":0,"19":0,"20":0,"21":0,"22":0,"23":0,"24":0,"25":0,"26":0,"27":0},"f":{"0":0,"1":0,"2":0,"3":0,"4":0,"5":0},"b":{"0":[0,0],"1":[0,0],"2":[0,0],"3":[0,0],"4":[0,0],"5":[0,0],"6":[0,0],"7":[0,0]},"inputSourceMap":null,"_coverageSchema":"1a1c01bbd47fc00a2c39e90264f33305004495a9","hash":"ad03170780700bd1dec765728123f9b07cf905fb"}
,"C:\\Users\\CBA\\Desktop\\Learnify\\server\\src\\services\\student.service.js": {"path":"C:\\Users\\CBA\\Desktop\\Learnify\\server\\src\\services\\student.service.js","statementMap":{"0":{"start":{"line":3,"column":48},"end":{"line":3,"column":50}},"1":{"start":{"line":7,"column":4},"end":{"line":11,"column":7}},"2":{"start":{"line":15,"column":4},"end":{"line":21,"column":7}}},"fnMap":{"0":{"name":"(anonymous_0)","decl":{"start":{"line":6,"column":2},"end":{"line":6,"column":3}},"loc":{"start":{"line":6,"column":30},"end":{"line":12,"column":3}},"line":6},"1":{"name":"(anonymous_1)","decl":{"start":{"line":14,"column":2},"end":{"line":14,"column":3}},"loc":{"start":{"line":14,"column":32},"end":{"line":22,"column":3}},"line":14}},"branchMap":{},"s":{"0":1,"1":0,"2":0},"f":{"0":0,"1":0},"b":{},"inputSourceMap":null,"_coverageSchema":"1a1c01bbd47fc00a2c39e90264f33305004495a9","hash":"29c374ded0c110e5aa64c47073fa510bfd2ba408"}
}
