TN:
SF:config\database.config.js
FN:23,testConnection
FNF:1
FNH:0
FNDA:0,testConnection
DA:4,3
DA:7,3
DA:24,0
DA:25,0
DA:26,0
DA:27,0
DA:29,0
DA:30,0
LF:8
LH:2
BRDA:10,0,0,3
BRDA:10,0,1,0
BRF:2
BRH:1
end_of_record
TN:
SF:src\controllers\admin.controller.js
FN:5,(anonymous_0)
FN:41,(anonymous_1)
FN:84,(anonymous_2)
FN:111,(anonymous_3)
FN:136,(anonymous_4)
FN:164,(anonymous_5)
FN:181,(anonymous_6)
FNF:7
FNH:3
FNDA:5,(anonymous_0)
FNDA:4,(anonymous_1)
FNDA:4,(anonymous_2)
FNDA:0,(anonymous_3)
FNDA:0,(anonymous_4)
FNDA:0,(anonymous_5)
FNDA:0,(anonymous_6)
DA:6,5
DA:7,5
DA:8,5
DA:9,1
DA:16,4
DA:25,4
DA:27,2
DA:33,2
DA:34,2
DA:42,4
DA:43,4
DA:44,4
DA:45,1
DA:52,3
DA:53,3
DA:62,3
DA:64,1
DA:70,2
DA:71,2
DA:72,1
DA:77,1
DA:85,4
DA:86,4
DA:87,4
DA:89,2
DA:95,2
DA:96,2
DA:97,1
DA:102,1
DA:112,0
DA:113,0
DA:114,0
DA:116,0
DA:122,0
DA:123,0
DA:124,0
DA:129,0
DA:137,0
DA:138,0
DA:139,0
DA:141,0
DA:150,0
DA:151,0
DA:152,0
DA:157,0
DA:165,0
DA:166,0
DA:168,0
DA:174,0
DA:175,0
DA:182,0
DA:183,0
DA:185,0
DA:186,0
DA:192,0
DA:194,0
DA:201,0
DA:202,0
DA:203,0
DA:208,0
LF:60
LH:29
BRDA:8,0,0,1
BRDA:8,0,1,4
BRDA:21,1,0,1
BRDA:21,1,1,3
BRDA:22,2,0,4
BRDA:22,2,1,2
BRDA:36,3,0,2
BRDA:36,3,1,1
BRDA:44,4,0,1
BRDA:44,4,1,3
BRDA:58,5,0,3
BRDA:58,5,1,0
BRDA:59,6,0,3
BRDA:59,6,1,3
BRDA:71,7,0,1
BRDA:71,7,1,1
BRDA:79,8,0,1
BRDA:79,8,1,0
BRDA:92,9,0,2
BRDA:92,9,1,1
BRDA:96,10,0,1
BRDA:96,10,1,1
BRDA:104,11,0,1
BRDA:104,11,1,0
BRDA:123,12,0,0
BRDA:123,12,1,0
BRDA:131,13,0,0
BRDA:131,13,1,0
BRDA:151,14,0,0
BRDA:151,14,1,0
BRDA:159,15,0,0
BRDA:159,15,1,0
BRDA:177,16,0,0
BRDA:177,16,1,0
BRDA:185,17,0,0
BRDA:185,17,1,0
BRDA:202,18,0,0
BRDA:202,18,1,0
BRDA:210,19,0,0
BRDA:210,19,1,0
BRF:40
BRH:21
end_of_record
TN:
SF:src\controllers\student.controller.js
FN:7,(anonymous_0)
FN:17,(anonymous_1)
FNF:2
FNH:2
FNDA:3,(anonymous_0)
FNDA:5,(anonymous_1)
DA:5,1
DA:7,1
DA:8,3
DA:9,3
DA:10,2
DA:12,1
DA:13,1
DA:17,1
DA:18,5
DA:20,5
DA:21,5
DA:23,3
DA:24,2
DA:27,1
DA:29,2
DA:30,2
LF:16
LH:16
BRDA:23,0,0,2
BRDA:23,0,1,1
BRF:2
BRH:2
end_of_record
TN:
SF:src\models\course.model.js
FN:1,(anonymous_0)
FN:50,(anonymous_1)
FNF:2
FNH:2
FNDA:3,(anonymous_0)
FNDA:3,(anonymous_1)
DA:2,3
DA:50,3
DA:51,3
DA:57,3
DA:64,3
LF:5
LH:5
BRF:0
BRH:0
end_of_record
TN:
SF:src\models\courseContent.model.js
FN:1,(anonymous_0)
FN:45,(anonymous_1)
FNF:2
FNH:2
FNDA:3,(anonymous_0)
FNDA:3,(anonymous_1)
DA:2,3
DA:45,3
DA:46,3
DA:53,3
LF:4
LH:4
BRF:0
BRH:0
end_of_record
TN:
SF:src\models\enrollment.model.js
FN:1,(anonymous_0)
FN:61,(anonymous_1)
FNF:2
FNH:2
FNDA:3,(anonymous_0)
FNDA:3,(anonymous_1)
DA:2,3
DA:61,3
DA:62,3
DA:68,3
DA:75,3
LF:5
LH:5
BRF:0
BRH:0
end_of_record
TN:
SF:src\models\index.js
FN:15,(anonymous_0)
FN:34,(anonymous_1)
FN:44,(anonymous_2)
FNF:3
FNH:2
FNDA:18,(anonymous_0)
FNDA:15,(anonymous_1)
FNDA:0,(anonymous_2)
DA:7,3
DA:8,3
DA:10,3
DA:13,3
DA:16,18
DA:25,3
DA:26,15
DA:27,15
DA:28,15
DA:29,15
DA:30,15
DA:34,3
DA:35,15
DA:36,15
DA:40,3
DA:41,3
DA:44,3
DA:45,0
DA:46,0
DA:49,0
DA:52,0
DA:54,0
DA:55,0
LF:23
LH:17
BRDA:17,0,0,18
BRDA:17,0,1,18
BRDA:17,0,2,15
BRDA:17,0,3,15
BRDA:35,1,0,15
BRDA:35,1,1,0
BRDA:44,2,0,0
BRF:7
BRH:5
end_of_record
TN:
SF:src\models\role.model.js
FN:1,(anonymous_0)
FN:26,(anonymous_1)
FNF:2
FNH:2
FNDA:3,(anonymous_0)
FNDA:3,(anonymous_1)
DA:2,3
DA:26,3
DA:27,3
DA:34,3
LF:4
LH:4
BRF:0
BRH:0
end_of_record
TN:
SF:src\models\user.model.js
FN:1,(anonymous_0)
FN:53,(anonymous_1)
FNF:2
FNH:2
FNDA:3,(anonymous_0)
FNDA:3,(anonymous_1)
DA:2,3
DA:53,3
DA:54,3
DA:60,3
DA:67,3
LF:5
LH:5
BRF:0
BRH:0
end_of_record
TN:
SF:src\services\admin.service.js
FN:8,(anonymous_0)
FN:26,(anonymous_1)
FN:54,(anonymous_2)
FN:77,(anonymous_3)
FN:106,(anonymous_4)
FN:135,(anonymous_5)
FN:169,(anonymous_6)
FN:191,(anonymous_7)
FN:209,(anonymous_8)
FN:234,(anonymous_9)
FN:258,(anonymous_10)
FNF:11
FNH:9
FNDA:2,(anonymous_0)
FNDA:2,(anonymous_1)
FNDA:2,(anonymous_2)
FNDA:0,(anonymous_3)
FNDA:3,(anonymous_4)
FNDA:3,(anonymous_5)
FNDA:1,(anonymous_6)
FNDA:0,(anonymous_7)
FNDA:2,(anonymous_8)
FNDA:2,(anonymous_9)
FNDA:2,(anonymous_10)
DA:4,2
DA:9,2
DA:11,2
DA:13,2
DA:25,1
DA:26,2
DA:33,1
DA:36,1
DA:39,1
DA:46,1
DA:48,1
DA:49,1
DA:55,2
DA:57,2
DA:58,2
DA:59,2
DA:60,1
DA:64,1
DA:65,1
DA:68,1
DA:70,0
DA:76,0
DA:77,0
DA:84,0
DA:88,1
DA:91,1
DA:98,1
DA:100,1
DA:101,1
DA:107,3
DA:108,3
DA:109,3
DA:110,1
DA:114,2
DA:118,2
DA:120,1
DA:121,1
DA:124,1
DA:125,1
DA:128,1
DA:136,3
DA:137,3
DA:138,2
DA:139,1
DA:142,1
DA:163,1
DA:169,1
DA:186,2
DA:192,0
DA:193,0
DA:194,0
DA:195,0
DA:198,0
DA:202,0
DA:204,0
DA:210,2
DA:211,2
DA:212,1
DA:213,1
DA:214,1
DA:223,1
DA:230,1
DA:235,2
DA:237,2
DA:256,1
DA:258,2
LF:66
LH:55
BRDA:21,0,0,0
BRDA:21,0,1,2
BRDA:25,1,0,1
BRDA:25,1,1,0
BRDA:25,2,0,1
BRDA:25,2,1,1
BRDA:30,3,0,2
BRDA:30,3,1,1
BRDA:59,4,0,1
BRDA:59,4,1,1
BRDA:68,5,0,0
BRDA:68,5,1,1
BRDA:76,6,0,0
BRDA:76,6,1,0
BRDA:76,7,0,0
BRDA:76,7,1,0
BRDA:81,8,0,0
BRDA:81,8,1,0
BRDA:109,9,0,1
BRDA:109,9,1,2
BRDA:118,10,0,1
BRDA:118,10,1,1
BRDA:138,11,0,1
BRDA:138,11,1,1
BRDA:194,12,0,0
BRDA:194,12,1,0
BRF:26
BRH:15
end_of_record
TN:
SF:src\services\course.service.js
FN:6,(anonymous_0)
FN:24,(anonymous_1)
FN:48,(anonymous_2)
FN:59,(anonymous_3)
FN:88,(anonymous_4)
FN:115,(anonymous_5)
FNF:6
FNH:0
FNDA:0,(anonymous_0)
FNDA:0,(anonymous_1)
FNDA:0,(anonymous_2)
FNDA:0,(anonymous_3)
FNDA:0,(anonymous_4)
FNDA:0,(anonymous_5)
DA:3,1
DA:7,0
DA:10,0
DA:11,0
DA:15,0
DA:21,0
DA:25,0
DA:49,0
DA:60,0
DA:62,0
DA:63,0
DA:67,0
DA:75,0
DA:76,0
DA:79,0
DA:80,0
DA:84,0
DA:85,0
DA:89,0
DA:91,0
DA:92,0
DA:96,0
DA:104,0
DA:105,0
DA:109,0
DA:110,0
DA:116,0
DA:118,0
LF:28
LH:1
BRDA:10,0,0,0
BRDA:10,0,1,0
BRDA:10,1,0,0
BRDA:10,1,1,0
BRDA:62,2,0,0
BRDA:62,2,1,0
BRDA:75,3,0,0
BRDA:75,3,1,0
BRDA:79,4,0,0
BRDA:79,4,1,0
BRDA:91,5,0,0
BRDA:91,5,1,0
BRDA:104,6,0,0
BRDA:104,6,1,0
BRDA:104,7,0,0
BRDA:104,7,1,0
BRF:16
BRH:0
end_of_record
TN:
SF:src\services\student.service.js
FN:6,(anonymous_0)
FN:14,(anonymous_1)
FNF:2
FNH:0
FNDA:0,(anonymous_0)
FNDA:0,(anonymous_1)
DA:3,1
DA:7,0
DA:15,0
LF:3
LH:1
BRF:0
BRH:0
end_of_record
